<?xml version="1.0" encoding="UTF-8"?>
<!-- Generated by org.testng.reporters.JUnitReportReporter -->
<testsuite hostname="ANWARRAZAZAIDI" failures="0" tests="1" name="com.flipkart.testCases.TC_POF_Test_001" time="70.252" errors="0" timestamp="2024-02-27T12:49:25 IST" skipped="0">
  <testcase classname="com.flipkart.testCases.TC_POF_Test_001" name="placeOrderFlowTest" time="70.252"/>
</testsuite> <!-- com.flipkart.testCases.TC_POF_Test_001 -->
